<?xml version="1.0" encoding="UTF-8"?>
<!-- Generated by org.testng.reporters.JUnitReportReporter -->
<testsuite skipped="0" hostname="Shrivatsa-E450" name="com.TestNGAnnotations.Annotation1" tests="1" failures="0" timestamp="18 Jun 2019 16:23:56 GMT" time="0.025" errors="0">
  <testcase name="Login" time="0.025" classname="com.TestNGAnnotations.Annotation1"/>
</testsuite> <!-- com.TestNGAnnotations.Annotation1 -->
