<?xml version="1.0" encoding="UTF-8"?>
<!-- Generated by org.testng.reporters.JUnitReportReporter -->
<testsuite skipped="0" hostname="Shrivatsa-E450" name="com.DataDriven.OrangeHRM_LogIn1" tests="1" failures="0" timestamp="23 Jun 2019 15:09:12 GMT" time="6.143" errors="0">
  <testcase name="logIn" time="6.143" classname="com.DataDriven.OrangeHRM_LogIn1"/>
</testsuite> <!-- com.DataDriven.OrangeHRM_LogIn1 -->
