<?xml version="1.0" encoding="UTF-8"?>
<!-- Generated by org.testng.reporters.JUnitReportReporter -->
<testsuite skipped="0" hostname="Shrivatsa-E450" name="com.DataDriven.NewToursLogInTest" tests="1" failures="0" timestamp="19 Jun 2019 16:27:45 GMT" time="9.240" errors="0">
  <testcase name="LogIn" time="9.240" classname="com.DataDriven.NewToursLogInTest"/>
</testsuite> <!-- com.DataDriven.NewToursLogInTest -->
