<?xml version="1.0" encoding="UTF-8"?>
<!-- Generated by org.testng.reporters.JUnitReportReporter -->
<testsuite skipped="0" hostname="Shrivatsa-E450" name="com.DataDriven.NewTours_LogIn_Test" tests="1" failures="0" timestamp="25 Jun 2019 06:02:15 GMT" time="27.063" errors="0">
  <testcase name="Login" time="27.063" classname="com.DataDriven.NewTours_LogIn_Test"/>
</testsuite> <!-- com.DataDriven.NewTours_LogIn_Test -->
