<?xml version="1.0" encoding="UTF-8"?>
<!-- Generated by org.testng.reporters.JUnitReportReporter -->
<testsuite skipped="0" hostname="Shrivatsa-E450" name="com.DataDriven.OrangeHRM_logIn" tests="1" failures="0" timestamp="21 Jun 2019 16:45:56 GMT" time="10.727" errors="0">
  <testcase name="LogIn" time="10.727" classname="com.DataDriven.OrangeHRM_logIn"/>
</testsuite> <!-- com.DataDriven.OrangeHRM_logIn -->
