<?xml version="1.0" encoding="UTF-8"?>
<!-- Generated by org.testng.reporters.JUnitReportReporter -->
<testsuite skipped="0" hostname="Shrivatsa-E450" name="com.TestNGAnnotations.Annotation2" tests="1" failures="0" timestamp="19 Jun 2019 10:31:25 GMT" time="0.033" errors="0">
  <testcase name="login" time="0.033" classname="com.TestNGAnnotations.Annotation2"/>
</testsuite> <!-- com.TestNGAnnotations.Annotation2 -->
