<?xml version="1.0" encoding="UTF-8"?>
<!-- Generated by org.testng.reporters.JUnitReportReporter -->
<testsuite skipped="0" hostname="Shrivatsa-E450" name="com.KeywordDriven.Orange_LogInTest" tests="1" failures="0" timestamp="25 Jun 2019 08:02:11 GMT" time="2.391" errors="0">
  <testcase name="logIn" time="2.391" classname="com.KeywordDriven.Orange_LogInTest"/>
</testsuite> <!-- com.KeywordDriven.Orange_LogInTest -->
